nohup: ignoring input
[20:32:57] 重新下载失败GSE...
[GSE271946] 尝试HTTPS下载Series Matrix...
[GSE271946] ✅ Series Matrix完成
[GSE271946] 尝试Supplementary: GSE271946_RAW.tar...
[GSE271946] ✅ GSE271946_RAW.tar 成功
[GSE271946] 尝试Supplementary: GSE271946_counts.txt.gz...
[GSE271946] 尝试Supplementary: GSE271946_fpkm.txt.gz...
[GSE271946] 尝试Supplementary: GSE271946_rpkm.txt.gz...
[GSE48166] 尝试HTTPS下载Series Matrix...
[GSE48166] ❌ Series Matrix失败
[GSE48166] 尝试Supplementary: GSE48166_RAW.tar...
[GSE48166] 尝试Supplementary: GSE48166_counts.txt.gz...
[GSE48166] 尝试Supplementary: GSE48166_fpkm.txt.gz...
[GSE48166] 尝试Supplementary: GSE48166_rpkm.txt.gz...
[GSE55296] 尝试HTTPS下载Series Matrix...
[GSE55296] ❌ Series Matrix失败
[GSE55296] 尝试Supplementary: GSE55296_RAW.tar...
[GSE55296] 尝试Supplementary: GSE55296_counts.txt.gz...
[GSE55296] 尝试Supplementary: GSE55296_fpkm.txt.gz...
[GSE55296] 尝试Supplementary: GSE55296_rpkm.txt.gz...
[22:45:11] 重试结束
