[DOWN] GSE277721 ftp://ftp.ncbi.nlm.nih.gov/geo/series/GSE277nnn/GSE277721/suppl/GSE277721_RAW.tar ...
[FAIL] GSE277721 ftp://ftp.ncbi.nlm.nih.gov/geo/series/GSE277nnn/GSE277721/suppl/GSE277721_RAW.tar
[DOWN] GSE190132 ftp://ftp.ncbi.nlm.nih.gov/geo/series/GSE190nnn/GSE190132/suppl/GSE190132_RAW.tar ...
[FAIL] GSE190132 ftp://ftp.ncbi.nlm.nih.gov/geo/series/GSE190nnn/GSE190132/suppl/GSE190132_RAW.tar
[DOWN] GSE198699 ftp://ftp.ncbi.nlm.nih.gov/geo/series/GSE198nnn/GSE198699/suppl/GSE198699_gene_count.txt.gz ...
[FAIL] GSE198699 ftp://ftp.ncbi.nlm.nih.gov/geo/series/GSE198nnn/GSE198699/suppl/GSE198699_gene_count.txt.gz
[DOWN] GSE184494 ftp://ftp.ncbi.nlm.nih.gov/geo/series/GSE184nnn/GSE184494/suppl/GSE184494_Non-normalized_data.txt.gz ...
[FAIL] GSE184494 ftp://ftp.ncbi.nlm.nih.gov/geo/series/GSE184nnn/GSE184494/suppl/GSE184494_Non-normalized_data.txt.gz
[DOWN] GSE184494 ftp://ftp.ncbi.nlm.nih.gov/geo/series/GSE184nnn/GSE184494/suppl/GSE184494_RAW.tar ...
[FAIL] GSE184494 ftp://ftp.ncbi.nlm.nih.gov/geo/series/GSE184nnn/GSE184494/suppl/GSE184494_RAW.tar
[DOWN] GSE196192 ftp://ftp.ncbi.nlm.nih.gov/geo/series/GSE196nnn/GSE196192/suppl/GSE196192_Lyme-PBMC-transcriptome-set2.counts.txt.gz ...
[FAIL] GSE196192 ftp://ftp.ncbi.nlm.nih.gov/geo/series/GSE196nnn/GSE196192/suppl/GSE196192_Lyme-PBMC-transcriptome-set2.counts.txt.gz
[DOWN] GSE198687 ftp://ftp.ncbi.nlm.nih.gov/geo/series/GSE198nnn/GSE198687/suppl/GSE198687_RAW.tar ...
[FAIL] GSE198687 ftp://ftp.ncbi.nlm.nih.gov/geo/series/GSE198nnn/GSE198687/suppl/GSE198687_RAW.tar
[DOWN] GSE183852 ftp://ftp.ncbi.nlm.nih.gov/geo/series/GSE183nnn/GSE183852/suppl/GSE183852_DCM_Cells.Robj.gz ...
[FAIL] GSE183852 ftp://ftp.ncbi.nlm.nih.gov/geo/series/GSE183nnn/GSE183852/suppl/GSE183852_DCM_Cells.Robj.gz
[DOWN] GSE183852 ftp://ftp.ncbi.nlm.nih.gov/geo/series/GSE183nnn/GSE183852/suppl/GSE183852_DCM_Integrated.Robj.gz ...
[FAIL] GSE183852 ftp://ftp.ncbi.nlm.nih.gov/geo/series/GSE183nnn/GSE183852/suppl/GSE183852_DCM_Integrated.Robj.gz
[DOWN] GSE183852 ftp://ftp.ncbi.nlm.nih.gov/geo/series/GSE183nnn/GSE183852/suppl/GSE183852_DCM_Nuclei.Robj.gz ...
[FAIL] GSE183852 ftp://ftp.ncbi.nlm.nih.gov/geo/series/GSE183nnn/GSE183852/suppl/GSE183852_DCM_Nuclei.Robj.gz
[DOWN] GSE183852 ftp://ftp.ncbi.nlm.nih.gov/geo/series/GSE183nnn/GSE183852/suppl/GSE183852_Integrated_Counts.csv.gz ...
[FAIL] GSE183852 ftp://ftp.ncbi.nlm.nih.gov/geo/series/GSE183nnn/GSE183852/suppl/GSE183852_Integrated_Counts.csv.gz
[DOWN] GSE120064 ftp://ftp.ncbi.nlm.nih.gov/geo/series/GSE120nnn/GSE120064/suppl/GSE120064_TAC_clean_cell_info_summary.txt.gz ...
[FAIL] GSE120064 ftp://ftp.ncbi.nlm.nih.gov/geo/series/GSE120nnn/GSE120064/suppl/GSE120064_TAC_clean_cell_info_summary.txt.gz
[DOWN] GSE120064 ftp://ftp.ncbi.nlm.nih.gov/geo/series/GSE120nnn/GSE120064/suppl/GSE120064_TAC_raw_umi_matrix.csv.gz ...
[FAIL] GSE120064 ftp://ftp.ncbi.nlm.nih.gov/geo/series/GSE120nnn/GSE120064/suppl/GSE120064_TAC_raw_umi_matrix.csv.gz
[DOWN] GSE120064 ftp://ftp.ncbi.nlm.nih.gov/geo/series/GSE120nnn/GSE120064/suppl/GSE120064_files.txt.gz ...
[FAIL] GSE120064 ftp://ftp.ncbi.nlm.nih.gov/geo/series/GSE120nnn/GSE120064/suppl/GSE120064_files.txt.gz
[DOWN] GSE165838 ftp://ftp.ncbi.nlm.nih.gov/geo/series/GSE165nnn/GSE165838/suppl/GSE165838_CARE_RNA_barcodes.txt.gz ...
[FAIL] GSE165838 ftp://ftp.ncbi.nlm.nih.gov/geo/series/GSE165nnn/GSE165838/suppl/GSE165838_CARE_RNA_barcodes.txt.gz
[DOWN] GSE165838 ftp://ftp.ncbi.nlm.nih.gov/geo/series/GSE165nnn/GSE165838/suppl/GSE165838_CARE_RNA_counts.mtx.gz ...
[FAIL] GSE165838 ftp://ftp.ncbi.nlm.nih.gov/geo/series/GSE165nnn/GSE165838/suppl/GSE165838_CARE_RNA_counts.mtx.gz
[DOWN] GSE165838 ftp://ftp.ncbi.nlm.nih.gov/geo/series/GSE165nnn/GSE165838/suppl/GSE165838_CARE_RNA_features.tsv.gz ...
[FAIL] GSE165838 ftp://ftp.ncbi.nlm.nih.gov/geo/series/GSE165nnn/GSE165838/suppl/GSE165838_CARE_RNA_features.tsv.gz
[DOWN] GSE165838 ftp://ftp.ncbi.nlm.nih.gov/geo/series/GSE165nnn/GSE165838/suppl/GSE165838_CARE_RNA_metadata.txt.gz ...
[FAIL] GSE165838 ftp://ftp.ncbi.nlm.nih.gov/geo/series/GSE165nnn/GSE165838/suppl/GSE165838_CARE_RNA_metadata.txt.gz
[DOWN] GSE165838 ftp://ftp.ncbi.nlm.nih.gov/geo/series/GSE165nnn/GSE165838/suppl/GSE165838_CARE_RNA_umap.txt.gz ...
[FAIL] GSE165838 ftp://ftp.ncbi.nlm.nih.gov/geo/series/GSE165nnn/GSE165838/suppl/GSE165838_CARE_RNA_umap.txt.gz
[DOWN] GSE46224 ftp://ftp.ncbi.nlm.nih.gov/geo/series/GSE46nnn/GSE46224/suppl/GSE46224_Yang_et_al_human_heart_RNASeq.txt.gz ...
[FAIL] GSE46224 ftp://ftp.ncbi.nlm.nih.gov/geo/series/GSE46nnn/GSE46224/suppl/GSE46224_Yang_et_al_human_heart_RNASeq.txt.gz
[DOWN] GSE46224 ftp://ftp.ncbi.nlm.nih.gov/geo/series/GSE46nnn/GSE46224/suppl/GSE46224_Yang_et_al_human_heart_miRNASeq.txt.gz ...
[FAIL] GSE46224 ftp://ftp.ncbi.nlm.nih.gov/geo/series/GSE46nnn/GSE46224/suppl/GSE46224_Yang_et_al_human_heart_miRNASeq.txt.gz
[DOWN] GSE48166 ftp://ftp.ncbi.nlm.nih.gov/geo/series/GSE48nnn/GSE48166/suppl/GSE48166_Cufflinks_FPKM.txt.gz ...
[FAIL] GSE48166 ftp://ftp.ncbi.nlm.nih.gov/geo/series/GSE48nnn/GSE48166/suppl/GSE48166_Cufflinks_FPKM.txt.gz
[DOWN] GSE217494 ftp://ftp.ncbi.nlm.nih.gov/geo/series/GSE217nnn/GSE217494/suppl/GSE217494_cell.metadata.csv.gz ...
[FAIL] GSE217494 ftp://ftp.ncbi.nlm.nih.gov/geo/series/GSE217nnn/GSE217494/suppl/GSE217494_cell.metadata.csv.gz
[DOWN] GSE217494 ftp://ftp.ncbi.nlm.nih.gov/geo/series/GSE217nnn/GSE217494/suppl/GSE217494_sample1.barcodes.tsv.gz ...
[FAIL] GSE217494 ftp://ftp.ncbi.nlm.nih.gov/geo/series/GSE217nnn/GSE217494/suppl/GSE217494_sample1.barcodes.tsv.gz
[DOWN] GSE217494 ftp://ftp.ncbi.nlm.nih.gov/geo/series/GSE217nnn/GSE217494/suppl/GSE217494_sample1.features.tsv.gz ...
[FAIL] GSE217494 ftp://ftp.ncbi.nlm.nih.gov/geo/series/GSE217nnn/GSE217494/suppl/GSE217494_sample1.features.tsv.gz
[DOWN] GSE217494 ftp://ftp.ncbi.nlm.nih.gov/geo/series/GSE217nnn/GSE217494/suppl/GSE217494_sample1.matrix.mtx.gz ...
[FAIL] GSE217494 ftp://ftp.ncbi.nlm.nih.gov/geo/series/GSE217nnn/GSE217494/suppl/GSE217494_sample1.matrix.mtx.gz
[DOWN] GSE217494 ftp://ftp.ncbi.nlm.nih.gov/geo/series/GSE217nnn/GSE217494/suppl/GSE217494_sample12.barcodes.tsv.gz ...
[FAIL] GSE217494 ftp://ftp.ncbi.nlm.nih.gov/geo/series/GSE217nnn/GSE217494/suppl/GSE217494_sample12.barcodes.tsv.gz
[DOWN] GSE217494 ftp://ftp.ncbi.nlm.nih.gov/geo/series/GSE217nnn/GSE217494/suppl/GSE217494_sample12.features.tsv.gz ...
[FAIL] GSE217494 ftp://ftp.ncbi.nlm.nih.gov/geo/series/GSE217nnn/GSE217494/suppl/GSE217494_sample12.features.tsv.gz
[DOWN] GSE217494 ftp://ftp.ncbi.nlm.nih.gov/geo/series/GSE217nnn/GSE217494/suppl/GSE217494_sample12.matrix.mtx.gz ...
[FAIL] GSE217494 ftp://ftp.ncbi.nlm.nih.gov/geo/series/GSE217nnn/GSE217494/suppl/GSE217494_sample12.matrix.mtx.gz
[DOWN] GSE217494 ftp://ftp.ncbi.nlm.nih.gov/geo/series/GSE217nnn/GSE217494/suppl/GSE217494_sample13.barcodes.tsv.gz ...
[FAIL] GSE217494 ftp://ftp.ncbi.nlm.nih.gov/geo/series/GSE217nnn/GSE217494/suppl/GSE217494_sample13.barcodes.tsv.gz
[DOWN] GSE217494 ftp://ftp.ncbi.nlm.nih.gov/geo/series/GSE217nnn/GSE217494/suppl/GSE217494_sample13.features.tsv.gz ...
[FAIL] GSE217494 ftp://ftp.ncbi.nlm.nih.gov/geo/series/GSE217nnn/GSE217494/suppl/GSE217494_sample13.features.tsv.gz
[DOWN] GSE217494 ftp://ftp.ncbi.nlm.nih.gov/geo/series/GSE217nnn/GSE217494/suppl/GSE217494_sample13.matrix.mtx.gz ...
[FAIL] GSE217494 ftp://ftp.ncbi.nlm.nih.gov/geo/series/GSE217nnn/GSE217494/suppl/GSE217494_sample13.matrix.mtx.gz
[DOWN] GSE217494 ftp://ftp.ncbi.nlm.nih.gov/geo/series/GSE217nnn/GSE217494/suppl/GSE217494_sample15.barcodes.tsv.gz ...
[FAIL] GSE217494 ftp://ftp.ncbi.nlm.nih.gov/geo/series/GSE217nnn/GSE217494/suppl/GSE217494_sample15.barcodes.tsv.gz
[DOWN] GSE217494 ftp://ftp.ncbi.nlm.nih.gov/geo/series/GSE217nnn/GSE217494/suppl/GSE217494_sample15.features.tsv.gz ...
[FAIL] GSE217494 ftp://ftp.ncbi.nlm.nih.gov/geo/series/GSE217nnn/GSE217494/suppl/GSE217494_sample15.features.tsv.gz
[DOWN] GSE217494 ftp://ftp.ncbi.nlm.nih.gov/geo/series/GSE217nnn/GSE217494/suppl/GSE217494_sample15.matrix.mtx.gz ...
[FAIL] GSE217494 ftp://ftp.ncbi.nlm.nih.gov/geo/series/GSE217nnn/GSE217494/suppl/GSE217494_sample15.matrix.mtx.gz
[DOWN] GSE217494 ftp://ftp.ncbi.nlm.nih.gov/geo/series/GSE217nnn/GSE217494/suppl/GSE217494_sample17.barcodes.tsv.gz ...
[FAIL] GSE217494 ftp://ftp.ncbi.nlm.nih.gov/geo/series/GSE217nnn/GSE217494/suppl/GSE217494_sample17.barcodes.tsv.gz
[DOWN] GSE217494 ftp://ftp.ncbi.nlm.nih.gov/geo/series/GSE217nnn/GSE217494/suppl/GSE217494_sample17.features.tsv.gz ...
[FAIL] GSE217494 ftp://ftp.ncbi.nlm.nih.gov/geo/series/GSE217nnn/GSE217494/suppl/GSE217494_sample17.features.tsv.gz
[DOWN] GSE217494 ftp://ftp.ncbi.nlm.nih.gov/geo/series/GSE217nnn/GSE217494/suppl/GSE217494_sample17.matrix.mtx.gz ...
[FAIL] GSE217494 ftp://ftp.ncbi.nlm.nih.gov/geo/series/GSE217nnn/GSE217494/suppl/GSE217494_sample17.matrix.mtx.gz
[DOWN] GSE217494 ftp://ftp.ncbi.nlm.nih.gov/geo/series/GSE217nnn/GSE217494/suppl/GSE217494_sample2.barcodes.tsv.gz ...
[FAIL] GSE217494 ftp://ftp.ncbi.nlm.nih.gov/geo/series/GSE217nnn/GSE217494/suppl/GSE217494_sample2.barcodes.tsv.gz
[DOWN] GSE217494 ftp://ftp.ncbi.nlm.nih.gov/geo/series/GSE217nnn/GSE217494/suppl/GSE217494_sample2.features.tsv.gz ...
[FAIL] GSE217494 ftp://ftp.ncbi.nlm.nih.gov/geo/series/GSE217nnn/GSE217494/suppl/GSE217494_sample2.features.tsv.gz
[DOWN] GSE217494 ftp://ftp.ncbi.nlm.nih.gov/geo/series/GSE217nnn/GSE217494/suppl/GSE217494_sample2.matrix.mtx.gz ...
[FAIL] GSE217494 ftp://ftp.ncbi.nlm.nih.gov/geo/series/GSE217nnn/GSE217494/suppl/GSE217494_sample2.matrix.mtx.gz
[DOWN] GSE217494 ftp://ftp.ncbi.nlm.nih.gov/geo/series/GSE217nnn/GSE217494/suppl/GSE217494_sample27.barcodes.tsv.gz ...
[FAIL] GSE217494 ftp://ftp.ncbi.nlm.nih.gov/geo/series/GSE217nnn/GSE217494/suppl/GSE217494_sample27.barcodes.tsv.gz
[DOWN] GSE217494 ftp://ftp.ncbi.nlm.nih.gov/geo/series/GSE217nnn/GSE217494/suppl/GSE217494_sample27.features.tsv.gz ...
[FAIL] GSE217494 ftp://ftp.ncbi.nlm.nih.gov/geo/series/GSE217nnn/GSE217494/suppl/GSE217494_sample27.features.tsv.gz
[DOWN] GSE217494 ftp://ftp.ncbi.nlm.nih.gov/geo/series/GSE217nnn/GSE217494/suppl/GSE217494_sample27.matrix.mtx.gz ...
[FAIL] GSE217494 ftp://ftp.ncbi.nlm.nih.gov/geo/series/GSE217nnn/GSE217494/suppl/GSE217494_sample27.matrix.mtx.gz
[DOWN] GSE217494 ftp://ftp.ncbi.nlm.nih.gov/geo/series/GSE217nnn/GSE217494/suppl/GSE217494_sample28.barcodes.tsv.gz ...
[FAIL] GSE217494 ftp://ftp.ncbi.nlm.nih.gov/geo/series/GSE217nnn/GSE217494/suppl/GSE217494_sample28.barcodes.tsv.gz
[DOWN] GSE217494 ftp://ftp.ncbi.nlm.nih.gov/geo/series/GSE217nnn/GSE217494/suppl/GSE217494_sample28.features.tsv.gz ...
[FAIL] GSE217494 ftp://ftp.ncbi.nlm.nih.gov/geo/series/GSE217nnn/GSE217494/suppl/GSE217494_sample28.features.tsv.gz
[DOWN] GSE217494 ftp://ftp.ncbi.nlm.nih.gov/geo/series/GSE217nnn/GSE217494/suppl/GSE217494_sample28.matrix.mtx.gz ...
[FAIL] GSE217494 ftp://ftp.ncbi.nlm.nih.gov/geo/series/GSE217nnn/GSE217494/suppl/GSE217494_sample28.matrix.mtx.gz
[DOWN] GSE217494 ftp://ftp.ncbi.nlm.nih.gov/geo/series/GSE217nnn/GSE217494/suppl/GSE217494_sample29.barcodes.tsv.gz ...
[FAIL] GSE217494 ftp://ftp.ncbi.nlm.nih.gov/geo/series/GSE217nnn/GSE217494/suppl/GSE217494_sample29.barcodes.tsv.gz
[DOWN] GSE217494 ftp://ftp.ncbi.nlm.nih.gov/geo/series/GSE217nnn/GSE217494/suppl/GSE217494_sample29.features.tsv.gz ...
[FAIL] GSE217494 ftp://ftp.ncbi.nlm.nih.gov/geo/series/GSE217nnn/GSE217494/suppl/GSE217494_sample29.features.tsv.gz
[DOWN] GSE217494 ftp://ftp.ncbi.nlm.nih.gov/geo/series/GSE217nnn/GSE217494/suppl/GSE217494_sample29.matrix.mtx.gz ...
[FAIL] GSE217494 ftp://ftp.ncbi.nlm.nih.gov/geo/series/GSE217nnn/GSE217494/suppl/GSE217494_sample29.matrix.mtx.gz
[DOWN] GSE217494 ftp://ftp.ncbi.nlm.nih.gov/geo/series/GSE217nnn/GSE217494/suppl/GSE217494_sample30.barcodes.tsv.gz ...
[FAIL] GSE217494 ftp://ftp.ncbi.nlm.nih.gov/geo/series/GSE217nnn/GSE217494/suppl/GSE217494_sample30.barcodes.tsv.gz
[DOWN] GSE217494 ftp://ftp.ncbi.nlm.nih.gov/geo/series/GSE217nnn/GSE217494/suppl/GSE217494_sample30.features.tsv.gz ...
[FAIL] GSE217494 ftp://ftp.ncbi.nlm.nih.gov/geo/series/GSE217nnn/GSE217494/suppl/GSE217494_sample30.features.tsv.gz
[DOWN] GSE217494 ftp://ftp.ncbi.nlm.nih.gov/geo/series/GSE217nnn/GSE217494/suppl/GSE217494_sample30.matrix.mtx.gz ...
[FAIL] GSE217494 ftp://ftp.ncbi.nlm.nih.gov/geo/series/GSE217nnn/GSE217494/suppl/GSE217494_sample30.matrix.mtx.gz
[DOWN] GSE217494 ftp://ftp.ncbi.nlm.nih.gov/geo/series/GSE217nnn/GSE217494/suppl/GSE217494_sample32.barcodes.tsv.gz ...
[FAIL] GSE217494 ftp://ftp.ncbi.nlm.nih.gov/geo/series/GSE217nnn/GSE217494/suppl/GSE217494_sample32.barcodes.tsv.gz
[DOWN] GSE217494 ftp://ftp.ncbi.nlm.nih.gov/geo/series/GSE217nnn/GSE217494/suppl/GSE217494_sample32.features.tsv.gz ...
[FAIL] GSE217494 ftp://ftp.ncbi.nlm.nih.gov/geo/series/GSE217nnn/GSE217494/suppl/GSE217494_sample32.features.tsv.gz
[DOWN] GSE217494 ftp://ftp.ncbi.nlm.nih.gov/geo/series/GSE217nnn/GSE217494/suppl/GSE217494_sample32.matrix.mtx.gz ...
[FAIL] GSE217494 ftp://ftp.ncbi.nlm.nih.gov/geo/series/GSE217nnn/GSE217494/suppl/GSE217494_sample32.matrix.mtx.gz
[DOWN] GSE217494 ftp://ftp.ncbi.nlm.nih.gov/geo/series/GSE217nnn/GSE217494/suppl/GSE217494_sample33.barcodes.tsv.gz ...
[FAIL] GSE217494 ftp://ftp.ncbi.nlm.nih.gov/geo/series/GSE217nnn/GSE217494/suppl/GSE217494_sample33.barcodes.tsv.gz
[DOWN] GSE217494 ftp://ftp.ncbi.nlm.nih.gov/geo/series/GSE217nnn/GSE217494/suppl/GSE217494_sample33.features.tsv.gz ...
[FAIL] GSE217494 ftp://ftp.ncbi.nlm.nih.gov/geo/series/GSE217nnn/GSE217494/suppl/GSE217494_sample33.features.tsv.gz
[DOWN] GSE217494 ftp://ftp.ncbi.nlm.nih.gov/geo/series/GSE217nnn/GSE217494/suppl/GSE217494_sample33.matrix.mtx.gz ...
[FAIL] GSE217494 ftp://ftp.ncbi.nlm.nih.gov/geo/series/GSE217nnn/GSE217494/suppl/GSE217494_sample33.matrix.mtx.gz
[DOWN] GSE217494 ftp://ftp.ncbi.nlm.nih.gov/geo/series/GSE217nnn/GSE217494/suppl/GSE217494_sample34.barcodes.tsv.gz ...
[FAIL] GSE217494 ftp://ftp.ncbi.nlm.nih.gov/geo/series/GSE217nnn/GSE217494/suppl/GSE217494_sample34.barcodes.tsv.gz
[DOWN] GSE217494 ftp://ftp.ncbi.nlm.nih.gov/geo/series/GSE217nnn/GSE217494/suppl/GSE217494_sample34.features.tsv.gz ...
[FAIL] GSE217494 ftp://ftp.ncbi.nlm.nih.gov/geo/series/GSE217nnn/GSE217494/suppl/GSE217494_sample34.features.tsv.gz
[DOWN] GSE217494 ftp://ftp.ncbi.nlm.nih.gov/geo/series/GSE217nnn/GSE217494/suppl/GSE217494_sample34.matrix.mtx.gz ...
[FAIL] GSE217494 ftp://ftp.ncbi.nlm.nih.gov/geo/series/GSE217nnn/GSE217494/suppl/GSE217494_sample34.matrix.mtx.gz
[DOWN] GSE217494 ftp://ftp.ncbi.nlm.nih.gov/geo/series/GSE217nnn/GSE217494/suppl/GSE217494_sample39.barcodes.tsv.gz ...
[FAIL] GSE217494 ftp://ftp.ncbi.nlm.nih.gov/geo/series/GSE217nnn/GSE217494/suppl/GSE217494_sample39.barcodes.tsv.gz
[DOWN] GSE217494 ftp://ftp.ncbi.nlm.nih.gov/geo/series/GSE217nnn/GSE217494/suppl/GSE217494_sample39.features.tsv.gz ...
[FAIL] GSE217494 ftp://ftp.ncbi.nlm.nih.gov/geo/series/GSE217nnn/GSE217494/suppl/GSE217494_sample39.features.tsv.gz
[DOWN] GSE217494 ftp://ftp.ncbi.nlm.nih.gov/geo/series/GSE217nnn/GSE217494/suppl/GSE217494_sample39.matrix.mtx.gz ...
[FAIL] GSE217494 ftp://ftp.ncbi.nlm.nih.gov/geo/series/GSE217nnn/GSE217494/suppl/GSE217494_sample39.matrix.mtx.gz
[DOWN] GSE217494 ftp://ftp.ncbi.nlm.nih.gov/geo/series/GSE217nnn/GSE217494/suppl/GSE217494_sample4.barcodes.tsv.gz ...
[FAIL] GSE217494 ftp://ftp.ncbi.nlm.nih.gov/geo/series/GSE217nnn/GSE217494/suppl/GSE217494_sample4.barcodes.tsv.gz
[DOWN] GSE217494 ftp://ftp.ncbi.nlm.nih.gov/geo/series/GSE217nnn/GSE217494/suppl/GSE217494_sample4.features.tsv.gz ...
[FAIL] GSE217494 ftp://ftp.ncbi.nlm.nih.gov/geo/series/GSE217nnn/GSE217494/suppl/GSE217494_sample4.features.tsv.gz
[DOWN] GSE217494 ftp://ftp.ncbi.nlm.nih.gov/geo/series/GSE217nnn/GSE217494/suppl/GSE217494_sample4.matrix.mtx.gz ...
[FAIL] GSE217494 ftp://ftp.ncbi.nlm.nih.gov/geo/series/GSE217nnn/GSE217494/suppl/GSE217494_sample4.matrix.mtx.gz
[DOWN] GSE217494 ftp://ftp.ncbi.nlm.nih.gov/geo/series/GSE217nnn/GSE217494/suppl/GSE217494_sample41.barcodes.tsv.gz ...
[FAIL] GSE217494 ftp://ftp.ncbi.nlm.nih.gov/geo/series/GSE217nnn/GSE217494/suppl/GSE217494_sample41.barcodes.tsv.gz
[DOWN] GSE217494 ftp://ftp.ncbi.nlm.nih.gov/geo/series/GSE217nnn/GSE217494/suppl/GSE217494_sample41.features.tsv.gz ...
[FAIL] GSE217494 ftp://ftp.ncbi.nlm.nih.gov/geo/series/GSE217nnn/GSE217494/suppl/GSE217494_sample41.features.tsv.gz
[DOWN] GSE217494 ftp://ftp.ncbi.nlm.nih.gov/geo/series/GSE217nnn/GSE217494/suppl/GSE217494_sample41.matrix.mtx.gz ...
[FAIL] GSE217494 ftp://ftp.ncbi.nlm.nih.gov/geo/series/GSE217nnn/GSE217494/suppl/GSE217494_sample41.matrix.mtx.gz
[DOWN] GSE217494 ftp://ftp.ncbi.nlm.nih.gov/geo/series/GSE217nnn/GSE217494/suppl/GSE217494_sample42.barcodes.tsv.gz ...
[FAIL] GSE217494 ftp://ftp.ncbi.nlm.nih.gov/geo/series/GSE217nnn/GSE217494/suppl/GSE217494_sample42.barcodes.tsv.gz
[DOWN] GSE217494 ftp://ftp.ncbi.nlm.nih.gov/geo/series/GSE217nnn/GSE217494/suppl/GSE217494_sample42.features.tsv.gz ...
[FAIL] GSE217494 ftp://ftp.ncbi.nlm.nih.gov/geo/series/GSE217nnn/GSE217494/suppl/GSE217494_sample42.features.tsv.gz
[DOWN] GSE217494 ftp://ftp.ncbi.nlm.nih.gov/geo/series/GSE217nnn/GSE217494/suppl/GSE217494_sample42.matrix.mtx.gz ...
[FAIL] GSE217494 ftp://ftp.ncbi.nlm.nih.gov/geo/series/GSE217nnn/GSE217494/suppl/GSE217494_sample42.matrix.mtx.gz
[DOWN] GSE217494 ftp://ftp.ncbi.nlm.nih.gov/geo/series/GSE217nnn/GSE217494/suppl/GSE217494_sample5.barcodes.tsv.gz ...
[FAIL] GSE217494 ftp://ftp.ncbi.nlm.nih.gov/geo/series/GSE217nnn/GSE217494/suppl/GSE217494_sample5.barcodes.tsv.gz
[DOWN] GSE217494 ftp://ftp.ncbi.nlm.nih.gov/geo/series/GSE217nnn/GSE217494/suppl/GSE217494_sample5.features.tsv.gz ...
[FAIL] GSE217494 ftp://ftp.ncbi.nlm.nih.gov/geo/series/GSE217nnn/GSE217494/suppl/GSE217494_sample5.features.tsv.gz
[DOWN] GSE217494 ftp://ftp.ncbi.nlm.nih.gov/geo/series/GSE217nnn/GSE217494/suppl/GSE217494_sample5.matrix.mtx.gz ...
[FAIL] GSE217494 ftp://ftp.ncbi.nlm.nih.gov/geo/series/GSE217nnn/GSE217494/suppl/GSE217494_sample5.matrix.mtx.gz
[DOWN] GSE217494 ftp://ftp.ncbi.nlm.nih.gov/geo/series/GSE217nnn/GSE217494/suppl/GSE217494_sample6.barcodes.tsv.gz ...
[FAIL] GSE217494 ftp://ftp.ncbi.nlm.nih.gov/geo/series/GSE217nnn/GSE217494/suppl/GSE217494_sample6.barcodes.tsv.gz
[DOWN] GSE217494 ftp://ftp.ncbi.nlm.nih.gov/geo/series/GSE217nnn/GSE217494/suppl/GSE217494_sample6.features.tsv.gz ...
[FAIL] GSE217494 ftp://ftp.ncbi.nlm.nih.gov/geo/series/GSE217nnn/GSE217494/suppl/GSE217494_sample6.features.tsv.gz
[DOWN] GSE217494 ftp://ftp.ncbi.nlm.nih.gov/geo/series/GSE217nnn/GSE217494/suppl/GSE217494_sample6.matrix.mtx.gz ...
[FAIL] GSE217494 ftp://ftp.ncbi.nlm.nih.gov/geo/series/GSE217nnn/GSE217494/suppl/GSE217494_sample6.matrix.mtx.gz
[DOWN] GSE217494 ftp://ftp.ncbi.nlm.nih.gov/geo/series/GSE217nnn/GSE217494/suppl/GSE217494_sample7.barcodes.tsv.gz ...
[FAIL] GSE217494 ftp://ftp.ncbi.nlm.nih.gov/geo/series/GSE217nnn/GSE217494/suppl/GSE217494_sample7.barcodes.tsv.gz
[DOWN] GSE217494 ftp://ftp.ncbi.nlm.nih.gov/geo/series/GSE217nnn/GSE217494/suppl/GSE217494_sample7.features.tsv.gz ...
[FAIL] GSE217494 ftp://ftp.ncbi.nlm.nih.gov/geo/series/GSE217nnn/GSE217494/suppl/GSE217494_sample7.features.tsv.gz
[DOWN] GSE217494 ftp://ftp.ncbi.nlm.nih.gov/geo/series/GSE217nnn/GSE217494/suppl/GSE217494_sample7.matrix.mtx.gz ...
[FAIL] GSE217494 ftp://ftp.ncbi.nlm.nih.gov/geo/series/GSE217nnn/GSE217494/suppl/GSE217494_sample7.matrix.mtx.gz
[DOWN] GSE217494 ftp://ftp.ncbi.nlm.nih.gov/geo/series/GSE217nnn/GSE217494/suppl/GSE217494_sample8.barcodes.tsv.gz ...
[FAIL] GSE217494 ftp://ftp.ncbi.nlm.nih.gov/geo/series/GSE217nnn/GSE217494/suppl/GSE217494_sample8.barcodes.tsv.gz
[DOWN] GSE217494 ftp://ftp.ncbi.nlm.nih.gov/geo/series/GSE217nnn/GSE217494/suppl/GSE217494_sample8.features.tsv.gz ...
[FAIL] GSE217494 ftp://ftp.ncbi.nlm.nih.gov/geo/series/GSE217nnn/GSE217494/suppl/GSE217494_sample8.features.tsv.gz
[DOWN] GSE217494 ftp://ftp.ncbi.nlm.nih.gov/geo/series/GSE217nnn/GSE217494/suppl/GSE217494_sample8.matrix.mtx.gz ...
[FAIL] GSE217494 ftp://ftp.ncbi.nlm.nih.gov/geo/series/GSE217nnn/GSE217494/suppl/GSE217494_sample8.matrix.mtx.gz
[DOWN] GSE217494 ftp://ftp.ncbi.nlm.nih.gov/geo/series/GSE217nnn/GSE217494/suppl/GSE217494_sample9.barcodes.tsv.gz ...
[FAIL] GSE217494 ftp://ftp.ncbi.nlm.nih.gov/geo/series/GSE217nnn/GSE217494/suppl/GSE217494_sample9.barcodes.tsv.gz
[DOWN] GSE217494 ftp://ftp.ncbi.nlm.nih.gov/geo/series/GSE217nnn/GSE217494/suppl/GSE217494_sample9.features.tsv.gz ...
[FAIL] GSE217494 ftp://ftp.ncbi.nlm.nih.gov/geo/series/GSE217nnn/GSE217494/suppl/GSE217494_sample9.features.tsv.gz
[DOWN] GSE217494 ftp://ftp.ncbi.nlm.nih.gov/geo/series/GSE217nnn/GSE217494/suppl/GSE217494_sample9.matrix.mtx.gz ...
[FAIL] GSE217494 ftp://ftp.ncbi.nlm.nih.gov/geo/series/GSE217nnn/GSE217494/suppl/GSE217494_sample9.matrix.mtx.gz
[DOWN] GSE270788 ftp://ftp.ncbi.nlm.nih.gov/geo/series/GSE270nnn/GSE270788/suppl/GSE270788_RAW.tar ...
[FAIL] GSE270788 ftp://ftp.ncbi.nlm.nih.gov/geo/series/GSE270nnn/GSE270788/suppl/GSE270788_RAW.tar
[DOWN] GSE270788 ftp://ftp.ncbi.nlm.nih.gov/geo/series/GSE270nnn/GSE270788/suppl/GSE270788_metadata.csv.gz ...
[FAIL] GSE270788 ftp://ftp.ncbi.nlm.nih.gov/geo/series/GSE270nnn/GSE270788/suppl/GSE270788_metadata.csv.gz
[DOWN] GSE138425 ftp://ftp.ncbi.nlm.nih.gov/geo/series/GSE138nnn/GSE138425/suppl/GSE138425_RAW.tar ...
[FAIL] GSE138425 ftp://ftp.ncbi.nlm.nih.gov/geo/series/GSE138nnn/GSE138425/suppl/GSE138425_RAW.tar
[DOWN] GSE162429 ftp://ftp.ncbi.nlm.nih.gov/geo/series/GSE162nnn/GSE162429/suppl/GSE162429_RAW.tar ...
[FAIL] GSE162429 ftp://ftp.ncbi.nlm.nih.gov/geo/series/GSE162nnn/GSE162429/suppl/GSE162429_RAW.tar
[DOWN] GSE141512 ftp://ftp.ncbi.nlm.nih.gov/geo/series/GSE141nnn/GSE141512/suppl/GSE141512_RAW.tar ...
[FAIL] GSE141512 ftp://ftp.ncbi.nlm.nih.gov/geo/series/GSE141nnn/GSE141512/suppl/GSE141512_RAW.tar
[DOWN] GSE213677 ftp://ftp.ncbi.nlm.nih.gov/geo/series/GSE213nnn/GSE213677/suppl/GSE213677_RAW.tar ...
[FAIL] GSE213677 ftp://ftp.ncbi.nlm.nih.gov/geo/series/GSE213nnn/GSE213677/suppl/GSE213677_RAW.tar
[DOWN] GSE213677 ftp://ftp.ncbi.nlm.nih.gov/geo/series/GSE213nnn/GSE213677/suppl/GSE213677_gene_count_matrix.csv.gz ...
[FAIL] GSE213677 ftp://ftp.ncbi.nlm.nih.gov/geo/series/GSE213nnn/GSE213677/suppl/GSE213677_gene_count_matrix.csv.gz
[DOWN] GSE262714 ftp://ftp.ncbi.nlm.nih.gov/geo/series/GSE262nnn/GSE262714/suppl/GSE262714_raw_counts_heart.csv.gz ...
[FAIL] GSE262714 ftp://ftp.ncbi.nlm.nih.gov/geo/series/GSE262nnn/GSE262714/suppl/GSE262714_raw_counts_heart.csv.gz
[DOWN] GSE40066 ftp://ftp.ncbi.nlm.nih.gov/geo/series/GSE40nnn/GSE40066/suppl/GSE40066_RAW.tar ...
[FAIL] GSE40066 ftp://ftp.ncbi.nlm.nih.gov/geo/series/GSE40nnn/GSE40066/suppl/GSE40066_RAW.tar
[DOWN] GSE242046 ftp://ftp.ncbi.nlm.nih.gov/geo/series/GSE242nnn/GSE242046/suppl/GSE242046_matrix.count.txt.gz ...
[FAIL] GSE242046 ftp://ftp.ncbi.nlm.nih.gov/geo/series/GSE242nnn/GSE242046/suppl/GSE242046_matrix.count.txt.gz
[DOWN] GSE246410 ftp://ftp.ncbi.nlm.nih.gov/geo/series/GSE246nnn/GSE246410/suppl/GSE246410_RAW.tar ...
[FAIL] GSE246410 ftp://ftp.ncbi.nlm.nih.gov/geo/series/GSE246nnn/GSE246410/suppl/GSE246410_RAW.tar
